(u'H:\\$RECYCLE.BIN\\S-1-5-21-1790727062-2213088384-2546846582-1000\\$IDP07IZ.docx', '1')
(u'H:\\sjtu\\\u8bb8\u82f1.docx', '2')
(u'H:\\$RECYCLE.BIN\\S-1-5-21-1790727062-2213088384-2546846582-1000\\$RDP07IZ.docx', '1')
(u'H:\\$RECYCLE.BIN\\S-1-5-21-1790727062-2213088384-2546846582-1000\\$RDP07IZ.docx', '2')
(u'H:\\$RECYCLE.BIN\\S-1-5-21-1790727062-2213088384-2546846582-1000\\$IDP07IZ.docx', '2')
(u'H:\\sjtu\\other cv\\Resume-Hank Lu-20120113.pdf', '2')
(u'H:\\sjtu\\other cv\\Resume-Hank Lu-20120113.pdf', '2')
(u'H:\\sjtu\\jianli.doc', '2')
(u'H:\\sjtu\\jianli.doc', '2')
(u'H:\\S2M-039 STAGE 2 MEDIA \u5f37\u4f5c\u518d\u73fe Encore Vol.39 \u5bae\u702c\u30ea\u30b3Riko~8\u982d\u8eab\u4e4b\u6975\u4e0a\u6deb\u5c3b\u521d\u767b\u5834\\S2M-039.H264.chs.srt', '1')
(u'H:\\S2M-039 STAGE 2 MEDIA \u5f37\u4f5c\u518d\u73fe Encore Vol.39 \u5bae\u702c\u30ea\u30b3Riko~8\u982d\u8eab\u4e4b\u6975\u4e0a\u6deb\u5c3b\u521d\u767b\u5834\\S2M-039.H264.chs.srt', '1')
(u'H:\\S2M-039 STAGE 2 MEDIA \u5f37\u4f5c\u518d\u73fe Encore Vol.39 \u5bae\u702c\u30ea\u30b3Riko~8\u982d\u8eab\u4e4b\u6975\u4e0a\u6deb\u5c3b\u521d\u767b\u5834\\S2M-039.H264.eng.srt', '1')
(u'H:\\S2M-039 STAGE 2 MEDIA \u5f37\u4f5c\u518d\u73fe Encore Vol.39 \u5bae\u702c\u30ea\u30b3Riko~8\u982d\u8eab\u4e4b\u6975\u4e0a\u6deb\u5c3b\u521d\u767b\u5834\\S2M-039.H264.eng.srt', '1')
(u'H:\\$RECYCLE.BIN\\S-1-5-21-1790727062-2213088384-2546846582-1000\\$I1Q4MRH', '1')
(u'H:\\ABS223', '2')
(u'H:\\$RECYCLE.BIN\\S-1-5-21-1790727062-2213088384-2546846582-1000\\$R1Q4MRH', '1')
(u'H:\\$RECYCLE.BIN\\S-1-5-21-1790727062-2213088384-2546846582-1000\\$I1Q4MRH', '1')
(u'H:\\ABS223', '2')
(u'H:\\$RECYCLE.BIN\\S-1-5-21-1790727062-2213088384-2546846582-1000\\$R1Q4MRH', '1')
(u'H:\\$RECYCLE.BIN\\S-1-5-21-1790727062-2213088384-2546846582-1000\\$IR7Z30R', '1')
(u'H:\\FilePathTree', '2')
(u'H:\\FilePathTree', '2')
(u'H:\\$RECYCLE.BIN\\S-1-5-21-1790727062-2213088384-2546846582-1000\\$RR7Z30R', '1')
(u'H:\\$RECYCLE.BIN\\S-1-5-21-1790727062-2213088384-2546846582-1000\\$RR7Z30R', '1')
(u'H:\\DPDK.L.1.2.2-1.zip', '2')
(u'H:\\DPDK.L.1.2.2-1.zip', '2')
(u'H:\\DPDK.L.1.2.2-1.zip', '1')
(u'H:\\DPDK.L.1.2.2-1.zip', '1')
(u'H:\\DPDK.L.1.2.2-1.zip', '1')
(u'H:\\\u9ed1\u5ba2\u5165\u95e8\u65b0\u624b\u7279\u8bad.pdf', '2')
(u'H:\\\u9ed1\u5ba2\u5165\u95e8\u65b0\u624b\u7279\u8bad.pdf', '2')
(u'H:\\\u9ed1\u5ba2\u5165\u95e8\u65b0\u624b\u7279\u8bad.pdf', '2')
(u'H:\\\u9ed1\u5ba2\u5165\u95e8\u65b0\u624b\u7279\u8bad.pdf', '1')
(u'H:\\\u9ed1\u5ba2\u5165\u95e8\u65b0\u624b\u7279\u8bad.pdf', '1')
(u'H:\\\u9ed1\u5ba2\u5165\u95e8\u65b0\u624b\u7279\u8bad.pdf', '1')
(u'H:\\TeeChart8.ocx', '2')
(u'H:\\TeeChart8.ocx', '2')
(u'H:\\TeeChart8.ocx', '2')
(u'H:\\Qiu Liang.pdf', '1')
(u'H:\\Qiu Liang.pdf', '2')
